  ServidorMain.c
c:\users\lipap\desktop\snakeespecial\servidor\servidorheader.h(219): warning C4996: 'fopen': This function or variable may be unsafe. Consider using fopen_s instead. To disable deprecation, use _CRT_SECURE_NO_WARNINGS. See online help for details.
  c:\program files (x86)\windows kits\10\include\10.0.10240.0\ucrt\stdio.h(205): note: see declaration of 'fopen'
c:\users\lipap\desktop\snakeespecial\servidor\servidorheader.h(230): warning C4473: 'fscanf_s' : not enough arguments passed for format string
  c:\users\lipap\desktop\snakeespecial\servidor\servidorheader.h(230): note: placeholders and their parameters expect 2 variadic arguments, but 1 were provided
  c:\users\lipap\desktop\snakeespecial\servidor\servidorheader.h(230): note: the missing variadic argument 2 is required by format string '%c'
  c:\users\lipap\desktop\snakeespecial\servidor\servidorheader.h(230): note: this argument is used as a buffer size
c:\users\lipap\desktop\snakeespecial\servidor\servidorheader.h(243): warning C4047: '=': 'mapa **' differs in levels of indirection from 'mapa *'
c:\users\lipap\desktop\snakeespecial\servidor\servidorheader.h(244): warning C4047: '=': 'mapa **' differs in levels of indirection from 'mapa *'
c:\users\lipap\desktop\snakeespecial\servidor\servidormain.c(13): warning C4133: 'initializing': incompatible types - from 'unsigned short [16]' to 'LPSTR'
c:\users\lipap\desktop\snakeespecial\servidor\servidormain.c(63): warning C4098: 'criaRecursos': 'void' function returning a value
c:\users\lipap\desktop\snakeespecial\servidor\servidormain.c(29): warning C4101: 'tam': unreferenced local variable
c:\users\lipap\desktop\snakeespecial\servidor\servidormain.c(118): warning C4133: 'function': incompatible types - from 'LPSTR' to 'LPCWSTR'
c:\users\lipap\desktop\snakeespecial\servidor\servidormain.c(80): warning C4101: 'hThreadRecebe': unreferenced local variable
c:\users\lipap\desktop\snakeespecial\servidor\servidormain.c(88): warning C4101: 'f': unreferenced local variable
c:\users\lipap\desktop\snakeespecial\servidor\servidormain.c(86): warning C4101: 'ver': unreferenced local variable
c:\users\lipap\desktop\snakeespecial\servidor\servidormain.c(180): warning C4133: 'function': incompatible types - from 'char [18]' to 'const wchar_t *const '
c:\users\lipap\desktop\snakeespecial\servidor\servidormain.c(186): warning C4133: 'function': incompatible types - from 'char [18]' to 'const wchar_t *const '
c:\users\lipap\desktop\snakeespecial\servidor\servidormain.c(205): error C2039: 'pid': is not a member of 'Envio'
  c:\users\lipap\desktop\snakeespecial\servidor\dllsnake\dllsnake\dll_header.h(61): note: see declaration of 'Envio'
c:\users\lipap\desktop\snakeespecial\servidor\servidormain.c(211): error C2039: 'pid': is not a member of 'Envio'
  c:\users\lipap\desktop\snakeespecial\servidor\dllsnake\dllsnake\dll_header.h(61): note: see declaration of 'Envio'
c:\users\lipap\desktop\snakeespecial\servidor\servidormain.c(205): warning C4473: 'wprintf' : not enough arguments passed for format string
  c:\users\lipap\desktop\snakeespecial\servidor\servidormain.c(205): note: placeholders and their parameters expect 1 variadic arguments, but 0 were provided
  c:\users\lipap\desktop\snakeespecial\servidor\servidormain.c(205): note: the missing variadic argument 1 is required by format string '%d'
